<?xml version="1.0" encoding="UTF-8"?>
<!-- Generated by org.testng.reporters.JUnitReportReporter -->
<testsuite skipped="0" hostname="SIDDU" name="com.testNG.ParallelMethodTest" tests="4" failures="0" timestamp="11 May 2022 08:18:23 GMT" time="0.089" errors="0">
  <testcase name="firstMsg" time="0.022" classname="com.testNG.ParallelMethodTest"/>
  <testcase name="subMsg" time="0.022" classname="com.testNG.ParallelMethodTest"/>
  <testcase name="endMsg" time="0.022" classname="com.testNG.ParallelMethodTest"/>
  <testcase name="mainMsg" time="0.023" classname="com.testNG.ParallelMethodTest"/>
</testsuite> <!-- com.testNG.ParallelMethodTest -->
