<?xml version="1.0" encoding="UTF-8"?>
<!-- Generated by org.testng.reporters.JUnitReportReporter -->
<testsuite skipped="0" hostname="SIDDU" name="com.testNG.DependenciesManagementExample" tests="3" failures="0" timestamp="11 May 2022 05:36:05 GMT" time="0.015" errors="0">
  <testcase name="orderBooking" time="0.015" classname="com.testNG.DependenciesManagementExample"/>
  <testcase name="allotment" time="0.000" classname="com.testNG.DependenciesManagementExample"/>
  <testcase name="invoice" time="0.000" classname="com.testNG.DependenciesManagementExample"/>
</testsuite> <!-- com.testNG.DependenciesManagementExample -->
