<?xml version="1.0" encoding="UTF-8"?>
<!-- Generated by org.testng.reporters.JUnitReportReporter -->
<testsuite skipped="0" hostname="SIDDU" name="com.testNG.TestClass" tests="2" failures="0" timestamp="11 May 2022 04:32:05 GMT" time="0.016" errors="0">
  <testcase name="testOne" time="0.016" classname="com.testNG.TestClass"/>
  <testcase name="testTwo" time="0.000" classname="com.testNG.TestClass"/>
</testsuite> <!-- com.testNG.TestClass -->
