<?xml version="1.0" encoding="UTF-8"?>
<!-- Generated by org.testng.reporters.JUnitReportReporter -->
<testsuite skipped="0" hostname="SIDDU" name="com.testNG.ParameterizationExample" tests="2" failures="0" timestamp="11 May 2022 07:17:40 GMT" time="0.016" errors="0">
  <testcase name="welcomeMsg" time="0.016" classname="com.testNG.ParameterizationExample"/>
  <testcase name="endMsg" time="0.000" classname="com.testNG.ParameterizationExample"/>
</testsuite> <!-- com.testNG.ParameterizationExample -->
