<?xml version="1.0" encoding="UTF-8"?>
<!-- Generated by org.testng.reporters.JUnitReportReporter -->
<testsuite skipped="0" hostname="SIDDU" name="com.testNG.GroupingExample" tests="1" failures="0" timestamp="11 May 2022 06:42:43 GMT" time="0.012" errors="0">
  <testcase name="model5" time="0.012" classname="com.testNG.GroupingExample"/>
</testsuite> <!-- com.testNG.GroupingExample -->
