<?xml version="1.0" encoding="UTF-8"?>
<!-- Generated by org.testng.reporters.JUnitReportReporter -->
<testsuite skipped="0" hostname="SIDDU" name="com.testNG.CollectionsOfTestCase" tests="3" failures="0" timestamp="11 May 2022 05:59:59 GMT" time="7.596" errors="0">
  <testcase name="launchFaceBook" time="1.190" classname="com.testNG.CollectionsOfTestCase"/>
  <testcase name="launchYouTube" time="3.195" classname="com.testNG.CollectionsOfTestCase"/>
  <testcase name="launchAmazon" time="3.211" classname="com.testNG.CollectionsOfTestCase"/>
</testsuite> <!-- com.testNG.CollectionsOfTestCase -->
